<?xml version="1.0" encoding="UTF-8"?>
<!-- Generated by org.testng.reporters.JUnitReportReporter -->
<testsuite hostname="DESKTOP-FLMNTK7" failures="0" tests="1" name="com.Olybet.testCases.LoginTestsCases" time="15.826" errors="0" timestamp="17 Sep 2020 20:02:14 GMT" skipped="0">
  <testcase classname="com.Olybet.testCases.LoginTestsCases" name="loginTest" time="15.826"/>
</testsuite> <!-- com.Olybet.testCases.LoginTestsCases -->
