<?xml version="1.0" encoding="UTF-8"?>
<!-- Generated by org.testng.reporters.JUnitReportReporter -->
<testsuite hostname="DESKTOP-FLMNTK7" failures="0" tests="1" name="com.Olybet.testCases.LoginTestsCases" time="16.269" errors="0" timestamp="17 Sep 2020 12:16:06 GMT" skipped="0">
  <testcase classname="com.Olybet.testCases.LoginTestsCases" name="loginTest" time="16.269"/>
</testsuite> <!-- com.Olybet.testCases.LoginTestsCases -->
